<?xml version="1.0" encoding="UTF-8"?>
<!-- Generated by org.testng.reporters.JUnitReportReporter -->
<testsuite hostname="DESKTOP-CPOD1KR" failures="0" tests="6" name="AlmosaferWeb.MyTestCases" time="0.509" errors="0" timestamp="2023-12-11T21:23:30 EET" skipped="5">
  <testcase classname="AlmosaferWeb.MyTestCases" name="CheckTheDepatureAndTheArrivalDate" time="0.509"/>
  <system-out/>
  <testcase classname="AlmosaferWeb.MyTestCases" name="CheckTheCurrency">
    <skipped/>
  </testcase> <!-- CheckTheCurrency -->
  <system-out/>
  <testcase classname="AlmosaferWeb.MyTestCases" name="HotelTabIsNotSelected">
    <skipped/>
  </testcase> <!-- HotelTabIsNotSelected -->
  <system-out/>
  <testcase classname="AlmosaferWeb.MyTestCases" name="CheckTheLanguage">
    <skipped/>
  </testcase> <!-- CheckTheLanguage -->
  <system-out/>
  <testcase classname="AlmosaferWeb.MyTestCases" name="CheckTheContactNumber">
    <skipped/>
  </testcase> <!-- CheckTheContactNumber -->
  <system-out/>
  <testcase classname="AlmosaferWeb.MyTestCases" name="CheckQittafLogo">
    <skipped/>
  </testcase> <!-- CheckQittafLogo -->
  <system-out/>
</testsuite> <!-- AlmosaferWeb.MyTestCases -->
